06:20:30 **** Incremental Build of configuration Debug for project windlogger_cpp ****
make all 
Building file: ../src/SDcard.cpp
Invoking: AVR C++ Compiler
avr-g++ -Wall -g2 -gstabs -Os -fpack-struct -fshort-enums -ffunction-sections -fdata-sections -funsigned-char -funsigned-bitfields -fno-exceptions -std=gnu++11 -mmcu=atmega1284p -DF_CPU=16000000UL -MMD -MP -MF"src/SDcard.d" -MT"src/SDcard.o" -c -o "src/SDcard.o" "../src/SDcard.cpp"
../src/SDcard.cpp: In member function ‘void SDcard::write(char*)’:
../src/SDcard.cpp:79:99: warning: deprecated conversion from string constant to ‘char*’ [-Wwrite-strings]
        fat32.writeFile(m_tmp_filename, "timestamp,speed1,speed2,degree,temp,acPower,dcPower,rpm\n");             /** construire le fichier avec l'entête au début*/
Finished building: ../src/SDcard.cpp
                                                                                                   ^
 
Building file: ../src/Sensor.cpp
../src/SDcard.cpp:89:77: warning: deprecated conversion from string constant to ‘char*’ [-Wwrite-strings]
Invoking: AVR C++ Compiler
      FSM::uart0.print("\rpas de carte sd, insérez une dans le lécteur\n\r");
avr-g++ -Wall -g2 -gstabs -Os -fpack-struct -fshort-enums -ffunction-sections -fdata-sections -funsigned-char -funsigned-bitfields -fno-exceptions -std=gnu++11 -mmcu=atmega1284p -DF_CPU=16000000UL -MMD -MP -MF"src/Sensor.d" -MT"src/Sensor.o" -c -o "src/Sensor.o" "../src/Sensor.cpp"
                                                                             ^
../src/Sensor.cpp: In member function ‘void Sensor::load_param()’:
../src/Sensor.cpp:114:39: warning: cast to pointer from integer of different size [-Wint-to-pointer-cast]
  m_factor = eeprom_read_float((float*)m_eeprom_addr);
                                       ^
../src/Sensor.cpp:115:39: warning: cast to pointer from integer of different size [-Wint-to-pointer-cast]
  m_offset = eeprom_read_float((float*)m_eeprom_addr+5);
                                       ^
../src/Sensor.cpp:116:46: warning: cast to pointer from integer of different size [-Wint-to-pointer-cast]
  m_enable = eeprom_read_byte((unsigned char*)m_eeprom_addr+6);
                                              ^
../src/Sensor.cpp: In member function ‘void Sensor::update_param()’:
../src/Sensor.cpp:121:30: warning: cast to pointer from integer of different size [-Wint-to-pointer-cast]
  eeprom_update_float((float*)m_eeprom_addr,m_factor);
                              ^
../src/Sensor.cpp:122:30: warning: cast to pointer from integer of different size [-Wint-to-pointer-cast]
  eeprom_update_float((float*)m_eeprom_addr+5,m_offset);
                              ^
../src/Sensor.cpp:123:37: warning: cast to pointer from integer of different size [-Wint-to-pointer-cast]
  eeprom_update_byte((unsigned char*)m_eeprom_addr+6,m_enable);
                                     ^
Finished building: ../src/Sensor.cpp
 
Building file: ../src/State.cpp
Invoking: AVR C++ Compiler
avr-g++ -Wall -g2 -gstabs -Os -fpack-struct -fshort-enums -ffunction-sections -fdata-sections -funsigned-char -funsigned-bitfields -fno-exceptions -std=gnu++11 -mmcu=atmega1284p -DF_CPU=16000000UL -MMD -MP -MF"src/State.d" -MT"src/State.o" -c -o "src/State.o" "../src/State.cpp"
Finished building: ../src/State.cpp
 
Building file: ../src/Usart.cpp
Invoking: AVR C++ Compiler
avr-g++ -Wall -g2 -gstabs -Os -fpack-struct -fshort-enums -ffunction-sections -fdata-sections -funsigned-char -funsigned-bitfields -fno-exceptions -std=gnu++11 -mmcu=atmega1284p -DF_CPU=16000000UL -MMD -MP -MF"src/Usart.d" -MT"src/Usart.o" -c -o "src/Usart.o" "../src/Usart.cpp"
Finished building: ../src/Usart.cpp
 
Building file: ../src/fct_SDCard.cpp
Invoking: AVR C++ Compiler
avr-g++ -Wall -g2 -gstabs -Os -fpack-struct -fshort-enums -ffunction-sections -fdata-sections -funsigned-char -funsigned-bitfields -fno-exceptions -std=gnu++11 -mmcu=atmega1284p -DF_CPU=16000000UL -MMD -MP -MF"src/fct_SDCard.d" -MT"src/fct_SDCard.o" -c -o "src/fct_SDCard.o" "../src/fct_SDCard.cpp"
../src/fct_SDCard.cpp: In function ‘unsigned char SD_init()’:
../src/fct_SDCard.cpp:40:42: warning: deprecated conversion from string constant to ‘char*’ [-Wwrite-strings]
       FSM::uart0.print("\rpas de carte\n");
                                          ^
../src/fct_SDCard.cpp:62:29: warning: deprecated conversion from string constant to ‘char*’ [-Wwrite-strings]
      FSM::uart0.print("\r\n");;
                             ^
../src/fct_SDCard.cpp:80:29: warning: deprecated conversion from string constant to ‘char*’ [-Wwrite-strings]
      FSM::uart0.print("\r\n");;
                             ^
../src/fct_SDCard.cpp:81:54: warning: deprecated conversion from string constant to ‘char*’ [-Wwrite-strings]
      FSM::uart0.print("\rinitialisation a échoué\n");
                                                      ^
../src/fct_SDCard.cpp:99:30: warning: deprecated conversion from string constant to ‘char*’ [-Wwrite-strings]
       FSM::uart0.print("\r\n");;
                              ^
../src/fct_SDCard.cpp:116:41: warning: deprecated conversion from string constant to ‘char*’ [-Wwrite-strings]
   case 1 : FSM::uart0.print("\rver1.x\n");break;
                                         ^
../src/fct_SDCard.cpp:117:39: warning: deprecated conversion from string constant to ‘char*’ [-Wwrite-strings]
   case 2 : FSM::uart0.print("\rSDHC\n");break;
                                       ^
../src/fct_SDCard.cpp:118:41: warning: deprecated conversion from string constant to ‘char*’ [-Wwrite-strings]
   case 3 : FSM::uart0.print("\rver2.x\n");break;
                                         ^
../src/fct_SDCard.cpp:119:50: warning: deprecated conversion from string constant to ‘char*’ [-Wwrite-strings]
   default :FSM::uart0.print("\runknown Sd card\n");
                                                  ^
Finished building: ../src/fct_SDCard.cpp
 
Building file: ../src/main.cpp
Invoking: AVR C++ Compiler
avr-g++ -Wall -g2 -gstabs -Os -fpack-struct -fshort-enums -ffunction-sections -fdata-sections -funsigned-char -funsigned-bitfields -fno-exceptions -std=gnu++11 -mmcu=atmega1284p -DF_CPU=16000000UL -MMD -MP -MF"src/main.d" -MT"src/main.o" -c -o "src/main.o" "../src/main.cpp"
Finished building: ../src/main.cpp
 
Building file: ../src/powerAC.cpp
Invoking: AVR C++ Compiler
avr-g++ -Wall -g2 -gstabs -Os -fpack-struct -fshort-enums -ffunction-sections -fdata-sections -funsigned-char -funsigned-bitfields -fno-exceptions -std=gnu++11 -mmcu=atmega1284p -DF_CPU=16000000UL -MMD -MP -MF"src/powerAC.d" -MT"src/powerAC.o" -c -o "src/powerAC.o" "../src/powerAC.cpp"
../src/powerAC.cpp: In member function ‘void powerAC::read_values(unsigned char, unsigned char, unsigned int)’:
../src/powerAC.cpp:100:12: warning: unused variable ‘temp_char’ [-Wunused-variable]
       char temp_char[12];
            ^
../src/powerAC.cpp: In member function ‘void powerAC::print_config(char*, char*, char*, char*, char*, char*)’:
../src/powerAC.cpp:223:30: warning: deprecated conversion from string constant to ‘char*’ [-Wwrite-strings]
    FSM::uart0.print("Sensor "); FSM::uart0.print(print(temp_conv));FSM::uart0.print("\r\n");
                              ^
../src/powerAC.cpp:223:91: warning: deprecated conversion from string constant to ‘char*’ [-Wwrite-strings]
    FSM::uart0.print("Sensor "); FSM::uart0.print(print(temp_conv));FSM::uart0.print("\r\n");
                                                                                           ^
../src/powerAC.cpp:224:67: warning: deprecated conversion from string constant to ‘char*’ [-Wwrite-strings]
    FSM::uart0.print(arg_id1); FSM::uart0.print(" Voltage Factor: "); FSM::uart0.print(dtostrf(v_factor,0,3,temp_conv));
                                                                   ^
../src/powerAC.cpp:225:68: warning: deprecated conversion from string constant to ‘char*’ [-Wwrite-strings]
    FSM::uart0.print(arg_id2); FSM::uart0.print(" Voltage  Offset: "); FSM::uart0.print(dtostrf(v_offset,0,3,temp_conv));
                                                                    ^
../src/powerAC.cpp:226:67: warning: deprecated conversion from string constant to ‘char*’ [-Wwrite-strings]
    FSM::uart0.print(arg_id3); FSM::uart0.print(" Voltage  Delay: "); FSM::uart0.print(dtostrf(v_phase,0,3,temp_conv)); FSM::uart0.print("\r\n");
                                                                   ^
../src/powerAC.cpp:226:143: warning: deprecated conversion from string constant to ‘char*’ [-Wwrite-strings]
    FSM::uart0.print(arg_id3); FSM::uart0.print(" Voltage  Delay: "); FSM::uart0.print(dtostrf(v_phase,0,3,temp_conv)); FSM::uart0.print("\r\n");
                                                                                                                                               ^
../src/powerAC.cpp:227:67: warning: deprecated conversion from string constant to ‘char*’ [-Wwrite-strings]
    FSM::uart0.print(arg_id4); FSM::uart0.print(" Current Factor: "); FSM::uart0.print(dtostrf(i_factor,0,3,temp_conv));
                                                                   ^
../src/powerAC.cpp:228:68: warning: deprecated conversion from string constant to ‘char*’ [-Wwrite-strings]
    FSM::uart0.print(arg_id5); FSM::uart0.print(" Current  Offset: "); FSM::uart0.print(dtostrf(i_offset,0,3,temp_conv)); //FSM::uart0.print("\r\n");
                                                                    ^
../src/powerAC.cpp:229:67: warning: deprecated conversion from string constant to ‘char*’ [-Wwrite-strings]
    FSM::uart0.print(arg_id6); FSM::uart0.print(" Supply Voltage: "); FSM::uart0.print(dtostrf(showSupply,0,3,temp_conv)); FSM::uart0.print("\r\n");
                                                                   ^
../src/powerAC.cpp:229:146: warning: deprecated conversion from string constant to ‘char*’ [-Wwrite-strings]
    FSM::uart0.print(arg_id6); FSM::uart0.print(" Supply Voltage: "); FSM::uart0.print(dtostrf(showSupply,0,3,temp_conv)); FSM::uart0.print("\r\n");
                                                                                                                                                  ^
../src/powerAC.cpp: In member function ‘void powerAC::print_data_array()’:
../src/powerAC.cpp:255:26: warning: deprecated conversion from string constant to ‘char*’ [-Wwrite-strings]
   FSM::uart0.print("\r\n");
                          ^
../src/powerAC.cpp:258:48: warning: deprecated conversion from string constant to ‘char*’ [-Wwrite-strings]
    FSM::uart0.set(i+'0');FSM::uart0.print(" v ");FSM::uart0.print(dtostrf(v_data[i],0,3,temp));FSM::uart0.print("\r\n");
                                                ^
../src/powerAC.cpp:258:119: warning: deprecated conversion from string constant to ‘char*’ [-Wwrite-strings]
    FSM::uart0.set(i+'0');FSM::uart0.print(" v ");FSM::uart0.print(dtostrf(v_data[i],0,3,temp));FSM::uart0.print("\r\n");
                                                                                                                       ^
../src/powerAC.cpp:259:48: warning: deprecated conversion from string constant to ‘char*’ [-Wwrite-strings]
    FSM::uart0.set(i+'0');FSM::uart0.print(" i ");FSM::uart0.print(dtostrf(i_data[i],0,3,temp));FSM::uart0.print("\r\n");
                                                ^
../src/powerAC.cpp:259:119: warning: deprecated conversion from string constant to ‘char*’ [-Wwrite-strings]
    FSM::uart0.set(i+'0');FSM::uart0.print(" i ");FSM::uart0.print(dtostrf(i_data[i],0,3,temp));FSM::uart0.print("\r\n");
                                                                                                                       ^
../src/powerAC.cpp:260:48: warning: deprecated conversion from string constant to ‘char*’ [-Wwrite-strings]
    FSM::uart0.set(i+'0');FSM::uart0.print(" p ");FSM::uart0.print(dtostrf(p_data[i],0,3,temp));FSM::uart0.print("\r\n");
                                                ^
../src/powerAC.cpp:260:119: warning: deprecated conversion from string constant to ‘char*’ [-Wwrite-strings]
    FSM::uart0.set(i+'0');FSM::uart0.print(" p ");FSM::uart0.print(dtostrf(p_data[i],0,3,temp));FSM::uart0.print("\r\n");
                                                                                                                       ^
../src/powerAC.cpp:261:48: warning: deprecated conversion from string constant to ‘char*’ [-Wwrite-strings]
    FSM::uart0.set(i+'0');FSM::uart0.print(" s ");FSM::uart0.print(dtostrf(s_data[i],0,3,temp));FSM::uart0.print("\r\n");
                                                ^
../src/powerAC.cpp:261:119: warning: deprecated conversion from string constant to ‘char*’ [-Wwrite-strings]
    FSM::uart0.set(i+'0');FSM::uart0.print(" s ");FSM::uart0.print(dtostrf(s_data[i],0,3,temp));FSM::uart0.print("\r\n");
                                                                                                                       ^
../src/powerAC.cpp:262:49: warning: deprecated conversion from string constant to ‘char*’ [-Wwrite-strings]
    FSM::uart0.set(i+'0');FSM::uart0.print(" pf ");FSM::uart0.print(dtostrf(pf_data[i],0,3,temp));FSM::uart0.print("\r\n");
                                                 ^
../src/powerAC.cpp:262:121: warning: deprecated conversion from string constant to ‘char*’ [-Wwrite-strings]
    FSM::uart0.set(i+'0');FSM::uart0.print(" pf ");FSM::uart0.print(dtostrf(pf_data[i],0,3,temp));FSM::uart0.print("\r\n");
                                                                                                                         ^
Finished building: ../src/powerAC.cpp
 
Building file: ../src/powerDC.cpp
Invoking: AVR C++ Compiler
avr-g++ -Wall -g2 -gstabs -Os -fpack-struct -fshort-enums -ffunction-sections -fdata-sections -funsigned-char -funsigned-bitfields -fno-exceptions -std=gnu++11 -mmcu=atmega1284p -DF_CPU=16000000UL -MMD -MP -MF"src/powerDC.d" -MT"src/powerDC.o" -c -o "src/powerDC.o" "../src/powerDC.cpp"
../src/powerDC.cpp: In member function ‘void powerDC::read_values(unsigned char, unsigned int)’:
../src/powerDC.cpp:65:9: warning: unused variable ‘temp_char’ [-Wunused-variable]
    char temp_char[10];
         ^
../src/powerDC.cpp: In member function ‘void powerDC::print_config(char*, char*, char*, char*)’:
../src/powerDC.cpp:165:28: warning: deprecated conversion from string constant to ‘char*’ [-Wwrite-strings]
  FSM::uart0.print("Sensor "); FSM::uart0.print(print(temp_conv));FSM::uart0.print("\r\n");
                            ^
../src/powerDC.cpp:165:89: warning: deprecated conversion from string constant to ‘char*’ [-Wwrite-strings]
  FSM::uart0.print("Sensor "); FSM::uart0.print(print(temp_conv));FSM::uart0.print("\r\n");
                                                                                         ^
../src/powerDC.cpp:166:65: warning: deprecated conversion from string constant to ‘char*’ [-Wwrite-strings]
  FSM::uart0.print(arg_id1); FSM::uart0.print(" Voltage Factor: "); FSM::uart0.print(dtostrf(v_factor,0,3,temp_conv));
                                                                 ^
../src/powerDC.cpp:167:66: warning: deprecated conversion from string constant to ‘char*’ [-Wwrite-strings]
  FSM::uart0.print(arg_id2); FSM::uart0.print(" Voltage  Offset: "); FSM::uart0.print(dtostrf(v_offset,0,3,temp_conv));FSM::uart0.print("\r\n");
                                                                  ^
../src/powerDC.cpp:167:142: warning: deprecated conversion from string constant to ‘char*’ [-Wwrite-strings]
  FSM::uart0.print(arg_id2); FSM::uart0.print(" Voltage  Offset: "); FSM::uart0.print(dtostrf(v_offset,0,3,temp_conv));FSM::uart0.print("\r\n");
                                                                                                                                              ^
../src/powerDC.cpp:168:65: warning: deprecated conversion from string constant to ‘char*’ [-Wwrite-strings]
  FSM::uart0.print(arg_id3); FSM::uart0.print(" Current Factor: "); FSM::uart0.print(dtostrf(i_factor,0,3,temp_conv));
                                                                 ^
../src/powerDC.cpp:169:66: warning: deprecated conversion from string constant to ‘char*’ [-Wwrite-strings]
  FSM::uart0.print(arg_id4); FSM::uart0.print(" Current  Offset: "); FSM::uart0.print(dtostrf(i_offset,0,3,temp_conv));FSM::uart0.print("\r\n"); //FSM::uart0.print("\r\n");
                                                                  ^
../src/powerDC.cpp:169:142: warning: deprecated conversion from string constant to ‘char*’ [-Wwrite-strings]
  FSM::uart0.print(arg_id4); FSM::uart0.print(" Current  Offset: "); FSM::uart0.print(dtostrf(i_offset,0,3,temp_conv));FSM::uart0.print("\r\n"); //FSM::uart0.print("\r\n");
                                                                                                                                              ^
../src/powerDC.cpp: In member function ‘void powerDC::print_data_array()’:
../src/powerDC.cpp:188:25: warning: deprecated conversion from string constant to ‘char*’ [-Wwrite-strings]
  FSM::uart0.print("\r\n");
                         ^
../src/powerDC.cpp:191:47: warning: deprecated conversion from string constant to ‘char*’ [-Wwrite-strings]
   FSM::uart0.set(i+'0');FSM::uart0.print(" v ");FSM::uart0.print(dtostrf(v_data[i],0,3,temp));FSM::uart0.print("\r\n");
                                               ^
../src/powerDC.cpp:191:118: warning: deprecated conversion from string constant to ‘char*’ [-Wwrite-strings]
Finished building: ../src/powerDC.cpp
   FSM::uart0.set(i+'0');FSM::uart0.print(" v ");FSM::uart0.print(dtostrf(v_data[i],0,3,temp));FSM::uart0.print("\r\n");
 
Building file: ../src/st_Config.cpp
                                                                                                                      ^
Invoking: AVR C++ Compiler
avr-g++ -Wall -g2 -gstabs -Os -fpack-struct -fshort-enums -ffunction-sections -fdata-sections -funsigned-char -funsigned-bitfields -fno-exceptions -std=gnu++11 -mmcu=atmega1284p -DF_CPU=16000000UL -MMD -MP -MF"src/st_Config.d" -MT"src/st_Config.o" -c -o "src/st_Config.o" "../src/st_Config.cpp"
../src/powerDC.cpp:192:47: warning: deprecated conversion from string constant to ‘char*’ [-Wwrite-strings]
   FSM::uart0.set(i+'0');FSM::uart0.print(" i ");FSM::uart0.print(dtostrf(i_data[i],0,3,temp));FSM::uart0.print("\r\n");
                                               ^
../src/powerDC.cpp:192:118: warning: deprecated conversion from string constant to ‘char*’ [-Wwrite-strings]
   FSM::uart0.set(i+'0');FSM::uart0.print(" i ");FSM::uart0.print(dtostrf(i_data[i],0,3,temp));FSM::uart0.print("\r\n");
                                                                                                                      ^
../src/powerDC.cpp:193:47: warning: deprecated conversion from string constant to ‘char*’ [-Wwrite-strings]
   FSM::uart0.set(i+'0');FSM::uart0.print(" p ");FSM::uart0.print(dtostrf(p_data[i],0,3,temp));FSM::uart0.print("\r\n");
                                               ^
../src/powerDC.cpp:193:118: warning: deprecated conversion from string constant to ‘char*’ [-Wwrite-strings]
   FSM::uart0.set(i+'0');FSM::uart0.print(" p ");FSM::uart0.print(dtostrf(p_data[i],0,3,temp));FSM::uart0.print("\r\n");
                                                                                                                      ^
Finished building: ../src/st_Config.cpp
 
Building file: ../src/st_Measure.cpp
Invoking: AVR C++ Compiler
avr-g++ -Wall -g2 -gstabs -Os -fpack-struct -fshort-enums -ffunction-sections -fdata-sections -funsigned-char -funsigned-bitfields -fno-exceptions -std=gnu++11 -mmcu=atmega1284p -DF_CPU=16000000UL -MMD -MP -MF"src/st_Measure.d" -MT"src/st_Measure.o" -c -o "src/st_Measure.o" "../src/st_Measure.cpp"
Finished building: ../src/st_Measure.cpp
 
Building file: ../src/st_Output.cpp
Invoking: AVR C++ Compiler
avr-g++ -Wall -g2 -gstabs -Os -fpack-struct -fshort-enums -ffunction-sections -fdata-sections -funsigned-char -funsigned-bitfields -fno-exceptions -std=gnu++11 -mmcu=atmega1284p -DF_CPU=16000000UL -MMD -MP -MF"src/st_Output.d" -MT"src/st_Output.o" -c -o "src/st_Output.o" "../src/st_Output.cpp"
Finished building: ../src/st_Output.cpp
 
Building file: ../src/st_Sleep.cpp
Invoking: AVR C++ Compiler
avr-g++ -Wall -g2 -gstabs -Os -fpack-struct -fshort-enums -ffunction-sections -fdata-sections -funsigned-char -funsigned-bitfields -fno-exceptions -std=gnu++11 -mmcu=atmega1284p -DF_CPU=16000000UL -MMD -MP -MF"src/st_Sleep.d" -MT"src/st_Sleep.o" -c -o "src/st_Sleep.o" "../src/st_Sleep.cpp"
Finished building: ../src/st_Sleep.cpp
 
Building target: windlogger_cpp.elf
Invoking: AVR C++ Linker
avr-g++ -Wl,-Map,windlogger_cpp.map,--cref -mrelax -Wl,--gc-sections -mmcu=atmega1284p -o "windlogger_cpp.elf"  ./src/Anemometer.o ./src/FAT32.o ./src/FSM.o ./src/Power.o ./src/RTC.o ./src/SDcard.o ./src/SPI.o ./src/Sensor.o ./src/State.o ./src/TWI.o ./src/Usart.o ./src/Windvane.o ./src/fct_SDCard.o ./src/main.o ./src/operator.o ./src/powerAC.o ./src/powerDC.o ./src/st_Config.o ./src/st_Measure.o ./src/st_Output.o ./src/st_Sleep.o   
makefile:66 : la recette pour la cible « windlogger_cpp.elf » a échouée
./src/SDcard.o : Dans la fonction « SDcard::write(char*) » :
../src/SDcard.cpp:59 : définitions multiples de « cardType »
./src/FAT32.o:../src/FAT32.cpp:408 : défini pour la première fois ici
/usr/lib/gcc/avr/4.9.2/../../../avr/bin/ld : Désactivation de la relâche : il ne pourra pas travailler avec des définitions multiples
./src/SDcard.o : Dans la fonction « SDcard::write(char*) » :
../src/SDcard.cpp:59 : définitions multiples de « buffer »
./src/FAT32.o:../src/FAT32.cpp:408 : défini pour la première fois ici
./src/SDcard.o : Dans la fonction « SDcard::write(char*) » :
../src/SDcard.cpp:59 : définitions multiples de « SDHC_flag »
./src/FAT32.o:../src/FAT32.cpp:408 : défini pour la première fois ici
./src/SDcard.o : Dans la fonction « SDcard::write(char*) » :
../src/SDcard.cpp:59 : définitions multiples de « totalBlocks »
./src/FAT32.o:../src/FAT32.cpp:408 : défini pour la première fois ici
./src/SDcard.o : Dans la fonction « SDcard::write(char*) » :
../src/SDcard.cpp:59 : définitions multiples de « startBlock »
./src/FAT32.o:../src/FAT32.cpp:408 : défini pour la première fois ici
./src/fct_SDCard.o : Dans la fonction « SD_writeSingleBlock(unsigned long) » :
../src/fct_SDCard.cpp:259 : définitions multiples de « SDHC_flag »
./src/FAT32.o:../src/FAT32.cpp:408 : défini pour la première fois ici
./src/fct_SDCard.o : Dans la fonction « SD_writeSingleBlock(unsigned long) » :
../src/fct_SDCard.cpp:259 : définitions multiples de « cardType »
./src/FAT32.o:../src/FAT32.cpp:408 : défini pour la première fois ici
./src/fct_SDCard.o : Dans la fonction « SD_writeSingleBlock(unsigned long) » :
../src/fct_SDCard.cpp:259 : définitions multiples de « buffer »
./src/FAT32.o:../src/FAT32.cpp:408 : défini pour la première fois ici
./src/fct_SDCard.o : Dans la fonction « SD_writeSingleBlock(unsigned long) » :
../src/fct_SDCard.cpp:259 : définitions multiples de « totalBlocks »
./src/FAT32.o:../src/FAT32.cpp:408 : défini pour la première fois ici
./src/fct_SDCard.o : Dans la fonction « SD_writeSingleBlock(unsigned long) » :
../src/fct_SDCard.cpp:259 : définitions multiples de « startBlock »
./src/FAT32.o:../src/FAT32.cpp:408 : défini pour la première fois ici
collect2: error: ld returned 1 exit status
make: *** [windlogger_cpp.elf] Erreur 1

06:20:32 Build Finished (took 1s.972ms)

